2025-04-21 18:39:57,678 [INFO] Application starting up
2025-04-21 18:39:57,679 [DEBUG] Configuring request session with retry strategy
2025-04-21 18:39:57,680 [DEBUG] Setting up Streamlit page configuration
2025-04-21 18:40:02,576 [INFO] Selected chart type: Candlestick
2025-04-21 18:40:02,578 [DEBUG] Selected MA periods: [20, 50]
2025-04-21 18:41:10,217 [INFO] Application starting up
2025-04-21 18:41:10,217 [DEBUG] Configuring request session with retry strategy
2025-04-21 18:41:10,218 [DEBUG] Setting up Streamlit page configuration
2025-04-21 18:41:13,537 [INFO] Stock selection updated: MSFT
2025-04-21 18:41:13,539 [INFO] Selected chart type: Candlestick
2025-04-21 18:41:13,543 [DEBUG] Selected MA periods: [20, 50]
2025-04-21 18:41:13,545 [INFO] Updating data and charts
2025-04-21 18:41:13,547 [DEBUG] Using Alpha Vantage params: function=TIME_SERIES_DAILY, output_size=compact, interval=None
2025-04-21 18:41:13,549 [INFO] Fetching Alpha Vantage data for MSFT (function: TIME_SERIES_DAILY)
2025-04-21 18:41:13,549 [DEBUG] Making Alpha Vantage API request with params: {'function': 'TIME_SERIES_DAILY', 'symbol': 'MSFT', 'apikey': 'F9H662T7ZC52LER5', 'outputsize': 'compact', 'datatype': 'json'}
2025-04-21 18:41:13,556 [DEBUG] Starting new HTTPS connection (1): www.alphavantage.co:443
2025-04-21 18:41:14,603 [DEBUG] https://www.alphavantage.co:443 "GET /query?function=TIME_SERIES_DAILY&symbol=MSFT&apikey=F9H662T7ZC52LER5&outputsize=compact&datatype=json HTTP/1.1" 200 None
2025-04-21 18:41:14,846 [DEBUG] Response keys: ['Meta Data', 'Time Series (Daily)']
2025-04-21 18:41:15,132 [DEBUG] https://www.alphavantage.co:443 "GET /query?function=GLOBAL_QUOTE&symbol=MSFT&apikey=F9H662T7ZC52LER5 HTTP/1.1" 200 None
2025-04-21 18:41:15,368 [DEBUG] https://www.alphavantage.co:443 "GET /query?function=OVERVIEW&symbol=MSFT&apikey=F9H662T7ZC52LER5 HTTP/1.1" 200 None
2025-04-21 18:41:15,370 [INFO] Successfully retrieved data for MSFT: 100 rows
2025-04-21 18:41:15,370 [DEBUG] Data shape: (100, 5), Columns: ['Open', 'High', 'Low', 'Close', 'Volume']
2025-04-21 18:41:15,370 [INFO] Successfully retrieved data for MSFT
2025-04-21 18:41:15,373 [DEBUG] Displaying info for Microsoft Corporation
2025-04-21 18:41:15,375 [DEBUG] Displaying key stats
2025-04-21 18:41:15,381 [ERROR] Error displaying stats: Cannot specify ',' with 's'.
2025-04-21 18:41:15,386 [DEBUG] Creating Candlestick chart
2025-04-21 18:41:15,840 [DEBUG] Adding moving averages: [20, 50]
2025-04-21 18:41:15,874 [DEBUG] Adding volume chart
2025-04-21 18:41:47,569 [INFO] Application starting up
2025-04-21 18:41:47,570 [DEBUG] Configuring request session with retry strategy
2025-04-21 18:41:47,570 [DEBUG] Setting up Streamlit page configuration
2025-04-21 18:41:50,801 [INFO] Stock selection updated: MSFT
2025-04-21 18:41:50,804 [INFO] Selected chart type: Candlestick
2025-04-21 18:41:50,807 [DEBUG] Selected MA periods: [20, 50]
2025-04-21 18:41:50,811 [INFO] Updating data and charts
2025-04-21 18:41:50,811 [DEBUG] Using Alpha Vantage params: function=TIME_SERIES_DAILY, output_size=compact, interval=None
2025-04-21 18:41:50,817 [INFO] Fetching Alpha Vantage data for MSFT (function: TIME_SERIES_DAILY)
2025-04-21 18:41:50,818 [DEBUG] Making Alpha Vantage API request with params: {'function': 'TIME_SERIES_DAILY', 'symbol': 'MSFT', 'apikey': 'F9H662T7ZC52LER5', 'outputsize': 'compact', 'datatype': 'json'}
2025-04-21 18:41:50,823 [DEBUG] Starting new HTTPS connection (1): www.alphavantage.co:443
2025-04-21 18:41:51,758 [DEBUG] https://www.alphavantage.co:443 "GET /query?function=TIME_SERIES_DAILY&symbol=MSFT&apikey=F9H662T7ZC52LER5&outputsize=compact&datatype=json HTTP/1.1" 200 None
2025-04-21 18:41:51,960 [DEBUG] Response keys: ['Meta Data', 'Time Series (Daily)']
2025-04-21 18:41:52,269 [DEBUG] https://www.alphavantage.co:443 "GET /query?function=GLOBAL_QUOTE&symbol=MSFT&apikey=F9H662T7ZC52LER5 HTTP/1.1" 200 None
2025-04-21 18:41:52,574 [DEBUG] https://www.alphavantage.co:443 "GET /query?function=OVERVIEW&symbol=MSFT&apikey=F9H662T7ZC52LER5 HTTP/1.1" 200 None
2025-04-21 18:41:52,577 [INFO] Successfully retrieved data for MSFT: 100 rows
2025-04-21 18:41:52,577 [DEBUG] Data shape: (100, 5), Columns: ['Open', 'High', 'Low', 'Close', 'Volume']
2025-04-21 18:41:52,577 [INFO] Successfully retrieved data for MSFT
2025-04-21 18:41:52,580 [DEBUG] Displaying info for Microsoft Corporation
2025-04-21 18:41:52,581 [DEBUG] Displaying key stats
2025-04-21 18:41:52,587 [ERROR] Error displaying stats: Cannot specify ',' with 's'.
2025-04-21 18:41:52,591 [DEBUG] Creating Candlestick chart
2025-04-21 18:41:52,625 [DEBUG] Adding moving averages: [20, 50]
2025-04-21 18:41:52,635 [DEBUG] Adding volume chart
