2025-04-12 02:47:24,963 [INFO] Application starting up
2025-04-12 02:47:24,964 [DEBUG] Configuring request session with retry strategy
2025-04-12 02:47:24,964 [DEBUG] Setting up Streamlit page configuration
2025-04-12 02:47:26,014 [INFO] Stock input set to: AAPL
2025-04-12 02:47:26,018 [INFO] Selected chart type: Candlestick
2025-04-12 02:47:26,021 [DEBUG] Selected MA periods: [20, 50]
2025-04-12 02:47:26,029 [INFO] Performing initial data load
2025-04-12 02:47:26,029 [INFO] Updating data and charts
2025-04-12 02:47:26,039 [INFO] Application UI fully rendered
2025-04-12 02:48:07,426 [INFO] Application starting up
2025-04-12 02:48:07,427 [DEBUG] Configuring request session with retry strategy
2025-04-12 02:48:07,428 [DEBUG] Setting up Streamlit page configuration
2025-04-12 02:48:07,433 [INFO] Stock input set to: AAPL
2025-04-12 02:48:07,438 [INFO] Selected chart type: Candlestick
2025-04-12 02:48:07,443 [DEBUG] Selected MA periods: [20, 50]
2025-04-12 02:48:07,450 [INFO] Performing initial data load
2025-04-12 02:48:07,451 [INFO] Updating data and charts
2025-04-12 02:48:07,452 [DEBUG] Using Alpha Vantage params: function=TIME_SERIES_DAILY, output_size=compact, interval=None
2025-04-12 02:48:07,453 [INFO] Fetching Alpha Vantage data for AAPL (function: TIME_SERIES_DAILY)
2025-04-12 02:48:07,454 [DEBUG] Making Alpha Vantage API request with params: {'function': 'TIME_SERIES_DAILY', 'symbol': 'AAPL', 'apikey': '5WF4COK1UFPHRLIO', 'outputsize': 'compact', 'datatype': 'json'}
2025-04-12 02:48:07,464 [DEBUG] Starting new HTTPS connection (1): www.alphavantage.co:443
2025-04-12 02:48:09,077 [DEBUG] https://www.alphavantage.co:443 "GET /query?function=TIME_SERIES_DAILY&symbol=AAPL&apikey=5WF4COK1UFPHRLIO&outputsize=compact&datatype=json HTTP/1.1" 200 None
2025-04-12 02:48:09,078 [DEBUG] Response keys: ['Information']
2025-04-12 02:48:09,078 [ERROR] Expected time series key 'Time Series (Daily)' not found in response
2025-04-12 02:48:09,079 [DEBUG] Response content: {"Information": "We have detected your API key as 5WF4COK1UFPHRLIO and our standard API rate limit is 25 requests per day. Please subscribe to any of the premium plans at https://www.alphavantage.co/premium/ to instantly remove all daily rate limits."}...
2025-04-12 02:48:09,079 [ERROR] No data received for AAPL
2025-04-12 02:48:09,087 [INFO] Application UI fully rendered
2025-04-12 02:48:12,331 [INFO] Application starting up
2025-04-12 02:48:12,331 [DEBUG] Configuring request session with retry strategy
2025-04-12 02:48:12,332 [DEBUG] Setting up Streamlit page configuration
2025-04-12 02:48:12,339 [INFO] Stock input set to: AAPL
2025-04-12 02:48:12,342 [INFO] Stock selection updated via popular stocks: AAPL
2025-04-12 02:48:12,344 [INFO] Selected chart type: Candlestick
2025-04-12 02:48:12,347 [DEBUG] Selected MA periods: [20, 50]
2025-04-12 02:48:12,352 [DEBUG] Rate limiting local requests, waiting 10.10s
2025-04-12 02:48:22,451 [INFO] Performing initial data load
2025-04-12 02:48:22,451 [INFO] Updating data and charts
2025-04-12 02:48:22,452 [DEBUG] Using Alpha Vantage params: function=TIME_SERIES_DAILY, output_size=compact, interval=None
2025-04-12 02:48:22,454 [INFO] Fetching Alpha Vantage data for AAPL (function: TIME_SERIES_DAILY)
2025-04-12 02:48:22,454 [DEBUG] Making Alpha Vantage API request with params: {'function': 'TIME_SERIES_DAILY', 'symbol': 'AAPL', 'apikey': '5WF4COK1UFPHRLIO', 'outputsize': 'compact', 'datatype': 'json'}
2025-04-12 02:48:22,457 [DEBUG] Starting new HTTPS connection (1): www.alphavantage.co:443
2025-04-12 02:48:23,361 [DEBUG] https://www.alphavantage.co:443 "GET /query?function=TIME_SERIES_DAILY&symbol=AAPL&apikey=5WF4COK1UFPHRLIO&outputsize=compact&datatype=json HTTP/1.1" 200 None
2025-04-12 02:48:23,362 [DEBUG] Response keys: ['Information']
2025-04-12 02:48:23,362 [ERROR] Expected time series key 'Time Series (Daily)' not found in response
2025-04-12 02:48:23,363 [DEBUG] Response content: {"Information": "We have detected your API key as 5WF4COK1UFPHRLIO and our standard API rate limit is 25 requests per day. Please subscribe to any of the premium plans at https://www.alphavantage.co/premium/ to instantly remove all daily rate limits."}...
2025-04-12 02:48:23,364 [ERROR] No data received for AAPL
2025-04-12 02:48:23,375 [INFO] Application UI fully rendered
